<?xml version="1.0" encoding="UTF-8"?>
<testng-results skipped="0" failed="0" total="4" passed="4">
  <reporter-output>
  </reporter-output>
  <suite name="Default suite" duration-ms="5999" started-at="2018-07-23T17:21:45Z" finished-at="2018-07-23T17:21:51Z">
    <groups>
    </groups>
    <test name="Default test" duration-ms="5999" started-at="2018-07-23T17:21:45Z" finished-at="2018-07-23T17:21:51Z">
      <class name="SeleniumAss.DataProviderAnnotation">
        <test-method status="PASS" signature="Setup()[pri:0, instance:SeleniumAss.DataProviderAnnotation@457e2f02]" name="Setup" is-config="true" duration-ms="3755" started-at="2018-07-23T10:21:45Z" finished-at="2018-07-23T10:21:49Z">
          <reporter-output>
          </reporter-output>
        </test-method> <!-- Setup -->
        <test-method status="PASS" signature="TestFireFox(java.lang.String, java.lang.String)[pri:0, instance:SeleniumAss.DataProviderAnnotation@457e2f02]" name="TestFireFox" duration-ms="1018" started-at="2018-07-23T10:21:49Z" data-provider="testdata" finished-at="2018-07-23T10:21:50Z">
          <params>
            <param index="0">
              <value>
                <![CDATA[username]]>
              </value>
            </param>
            <param index="1">
              <value>
                <![CDATA[password]]>
              </value>
            </param>
          </params>
          <reporter-output>
          </reporter-output>
        </test-method> <!-- TestFireFox -->
        <test-method status="PASS" signature="TestFireFox(java.lang.String, java.lang.String)[pri:0, instance:SeleniumAss.DataProviderAnnotation@457e2f02]" name="TestFireFox" duration-ms="445" started-at="2018-07-23T10:21:50Z" data-provider="testdata" finished-at="2018-07-23T10:21:51Z">
          <params>
            <param index="0">
              <value>
                <![CDATA[shu@gmail.com]]>
              </value>
            </param>
            <param index="1">
              <value>
                <![CDATA[shubh23]]>
              </value>
            </param>
          </params>
          <reporter-output>
          </reporter-output>
        </test-method> <!-- TestFireFox -->
        <test-method status="PASS" signature="TestFireFox(java.lang.String, java.lang.String)[pri:0, instance:SeleniumAss.DataProviderAnnotation@457e2f02]" name="TestFireFox" duration-ms="315" started-at="2018-07-23T10:21:51Z" data-provider="testdata" finished-at="2018-07-23T10:21:51Z">
          <params>
            <param index="0">
              <value>
                <![CDATA[takawane@gmail.com]]>
              </value>
            </param>
            <param index="1">
              <value>
                <![CDATA[shubh123]]>
              </value>
            </param>
          </params>
          <reporter-output>
          </reporter-output>
        </test-method> <!-- TestFireFox -->
        <test-method status="PASS" signature="TestFireFox(java.lang.String, java.lang.String)[pri:0, instance:SeleniumAss.DataProviderAnnotation@457e2f02]" name="TestFireFox" duration-ms="234" started-at="2018-07-23T10:21:51Z" data-provider="testdata" finished-at="2018-07-23T10:21:51Z">
          <params>
            <param index="0">
              <value>
                <![CDATA[30]]>
              </value>
            </param>
            <param index="1">
              <value>
                <![CDATA[17]]>
              </value>
            </param>
          </params>
          <reporter-output>
          </reporter-output>
        </test-method> <!-- TestFireFox -->
      </class> <!-- SeleniumAss.DataProviderAnnotation -->
    </test> <!-- Default test -->
  </suite> <!-- Default suite -->
</testng-results>
